e:\vs files\compiler\compiler\x64\debug\vc140.pdb
e:\vs files\compiler\compiler\x64\debug\vc140.idb
e:\vs files\compiler\compiler\x64\debug\globalsignary.obj
e:\vs files\compiler\compiler\x64\debug\grammer.obj
e:\vs files\compiler\compiler\x64\debug\lexer.obj
e:\vs files\compiler\compiler\x64\debug\main.obj
e:\vs files\compiler\compiler\x64\debug\signary.obj
e:\vs files\compiler\compiler\x64\debug\word.obj
e:\vs files\compiler\compiler\x64\debug\middlecode.obj
e:\vs files\compiler\compiler\x64\debug\middleinstr.obj
e:\vs files\compiler\compiler\x64\debug\mipsinstr.obj
e:\vs files\compiler\compiler\x64\debug\mipscode.obj
e:\vs files\compiler\x64\debug\compiler.ilk
e:\vs files\compiler\x64\debug\compiler.exe
e:\vs files\compiler\x64\debug\compiler.pdb
e:\vs files\compiler\compiler\x64\debug\grammer.obj.enc
e:\vs files\compiler\compiler\x64\debug\compiler.tlog\cl.command.1.tlog
e:\vs files\compiler\compiler\x64\debug\compiler.tlog\cl.read.1.tlog
e:\vs files\compiler\compiler\x64\debug\compiler.tlog\cl.write.1.tlog
e:\vs files\compiler\compiler\x64\debug\compiler.tlog\link.command.1.tlog
e:\vs files\compiler\compiler\x64\debug\compiler.tlog\link.read.1.tlog
e:\vs files\compiler\compiler\x64\debug\compiler.tlog\link.write.1.tlog
